{"level":"\u001b[31mERROR\u001b[0m","timestamp":"2026-03-25T14:21:03.045+0700","caller":"handler/auth_handler.go:37","msg":"failed to get user by identifier","identifier":"michael01@gmail.com","error":"ERROR: column \"identifier\" does not exist (SQLSTATE 42703)"}
{"level":"\u001b[31mERROR\u001b[0m","timestamp":"2026-03-25T14:22:45.768+0700","caller":"handler/auth_handler.go:37","msg":"failed to get user by identifier","identifier":"michael01@gmail.com","error":"ERROR: column \"identifier\" does not exist (SQLSTATE 42703)"}
{"level":"\u001b[31mERROR\u001b[0m","timestamp":"2026-03-25T14:23:20.044+0700","caller":"handler/auth_handler.go:37","msg":"failed to get user by identifier","identifier":"michael01@gmail.com","error":"ERROR: column \"identifier\" does not exist (SQLSTATE 42703)"}
{"level":"\u001b[31mERROR\u001b[0m","timestamp":"2026-03-27T15:51:07.432+0700","caller":"handler/auth_handler.go:37","msg":"incorrect credentials","passwrd":"password1234","error":"crypto/bcrypt: hashedPassword is not the hash of the given password"}
{"level":"\u001b[31mERROR\u001b[0m","timestamp":"2026-03-29T15:11:24.689+0700","caller":"handler/product_handler.go:97","msg":"failed to get product by ID","productID":"ELC-WEP-001","error":"ERROR: invalid input syntax for type uuid: \"ELC-WEP-001\" (SQLSTATE 22P02)"}
{"level":"\u001b[31mERROR\u001b[0m","timestamp":"2026-03-29T15:13:59.739+0700","caller":"handler/product_handler.go:97","msg":"failed to get product by ID","productID":"ELC-WEP-001","error":"ERROR: invalid input syntax for type uuid: \"ELC-WEP-001\" (SQLSTATE 22P02)"}
{"level":"\u001b[31mERROR\u001b[0m","timestamp":"2026-04-01T12:26:54.416+0700","caller":"handler/product_handler.go:97","msg":"failed to get product by ID","productID":"stats","error":"ERROR: invalid input syntax for type uuid: \"stats\" (SQLSTATE 22P02)"}
{"level":"\u001b[31mERROR\u001b[0m","timestamp":"2026-04-03T07:46:52.700+0700","caller":"gin@v1.10.1/context.go:185","msg":"invalid create vendor request payload","error":"Key: 'CreateVendorRequest.Email' Error:Field validation for 'Email' failed on the 'email' tag","payload":{"name":"Jaya jaya jaya","email":"","phone_number":"089876543223"}}
{"level":"\u001b[31mERROR\u001b[0m","timestamp":"2026-04-03T08:03:20.329+0700","caller":"gin@v1.10.1/context.go:185","msg":"invalid update vendor request payload","error":"invalid character '}' looking for beginning of object key string","payload":{"name":"","email":"","phone_number":"","address":"","image_url":"","description":""}}
{"level":"\u001b[31mERROR\u001b[0m","timestamp":"2026-04-03T08:03:26.500+0700","caller":"gin@v1.10.1/context.go:185","msg":"invalid update vendor request payload","error":"Key: 'UpdateVendorRequest.Email' Error:Field validation for 'Email' failed on the 'required' tag\nKey: 'UpdateVendorRequest.Address' Error:Field validation for 'Address' failed on the 'required' tag\nKey: 'UpdateVendorRequest.ImageURL' Error:Field validation for 'ImageURL' failed on the 'required' tag\nKey: 'UpdateVendorRequest.Description' Error:Field validation for 'Description' failed on the 'required' tag","payload":{"name":"PT JayaJayaJaya","email":"","phone_number":"082112223444","address":"","image_url":"","description":""}}
{"level":"\u001b[31mERROR\u001b[0m","timestamp":"2026-04-03T08:06:34.100+0700","caller":"gin@v1.10.1/context.go:185","msg":"invalid update vendor request payload","error":"Key: 'UpdateVendorRequest.Address' Error:Field validation for 'Address' failed on the 'required' tag\nKey: 'UpdateVendorRequest.ImageURL' Error:Field validation for 'ImageURL' failed on the 'required' tag\nKey: 'UpdateVendorRequest.Description' Error:Field validation for 'Description' failed on the 'required' tag","payload":{"name":"PT JayaJayaJaya","phone_number":"082112223444","address":"","image_url":"","description":""}}
{"level":"\u001b[31mERROR\u001b[0m","timestamp":"2026-04-03T08:11:46.991+0700","caller":"gin@v1.10.1/context.go:185","msg":"invalid update vendor request payload","error":"Key: 'UpdateVendorRequest.Address' Error:Field validation for 'Address' failed on the 'required' tag\nKey: 'UpdateVendorRequest.ImageURL' Error:Field validation for 'ImageURL' failed on the 'required' tag\nKey: 'UpdateVendorRequest.Description' Error:Field validation for 'Description' failed on the 'required' tag","payload":{"name":"PT JayaJayaJaya","phone_number":"082112223666","address":"","image_url":"","description":""}}
{"level":"\u001b[31mERROR\u001b[0m","timestamp":"2026-04-03T08:12:24.360+0700","caller":"gin@v1.10.1/context.go:185","msg":"invalid update vendor request payload","error":"Key: 'UpdateVendorRequest.Address' Error:Field validation for 'Address' failed on the 'required' tag\nKey: 'UpdateVendorRequest.ImageURL' Error:Field validation for 'ImageURL' failed on the 'required' tag\nKey: 'UpdateVendorRequest.Description' Error:Field validation for 'Description' failed on the 'required' tag","payload":{"name":"PT JayaJayaJaya","phone_number":"082112223666","address":"","image_url":"","description":""}}
<<<<<<< HEAD
{"level":"\u001b[31mERROR\u001b[0m","timestamp":"2026-04-03T14:58:49.064+0700","caller":"gin@v1.10.1/context.go:185","msg":"invalid signin request payload","error":"Key: 'SignInRequest.Email' Error:Field validation for 'Email' failed on the 'required' tag\nKey: 'SignInRequest.Password' Error:Field validation for 'Password' failed on the 'required' tag","payload":{"email":"","password":""}}
{"level":"\u001b[31mERROR\u001b[0m","timestamp":"2026-04-03T14:59:18.800+0700","caller":"gin@v1.10.1/context.go:185","msg":"invalid signin request payload","error":"Key: 'SignInRequest.Email' Error:Field validation for 'Email' failed on the 'required' tag\nKey: 'SignInRequest.Password' Error:Field validation for 'Password' failed on the 'required' tag","payload":{"email":"","password":""}}
{"level":"\u001b[31mERROR\u001b[0m","timestamp":"2026-04-03T15:06:15.781+0700","caller":"handler/auth_handler.go:43","msg":"incorrect password","password":"password12345","error":"crypto/bcrypt: hashedPassword is not the hash of the given password"}
{"level":"\u001b[31mERROR\u001b[0m","timestamp":"2026-04-03T15:06:46.728+0700","caller":"handler/auth_handler.go:43","msg":"incorrect password","password":"password12345","error":"crypto/bcrypt: hashedPassword is not the hash of the given password"}
{"level":"\u001b[31mERROR\u001b[0m","timestamp":"2026-04-03T15:14:14.891+0700","caller":"handler/auth_handler.go:43","msg":"incorrect password","password":"password12345","error":"crypto/bcrypt: hashedPassword is not the hash of the given password"}
{"level":"\u001b[31mERROR\u001b[0m","timestamp":"2026-04-03T15:14:39.061+0700","caller":"handler/auth_handler.go:43","msg":"incorrect password","password":"password12345","error":"crypto/bcrypt: hashedPassword is not the hash of the given password"}
{"level":"\u001b[31mERROR\u001b[0m","timestamp":"2026-04-03T15:28:56.277+0700","caller":"handler/auth_handler.go:43","msg":"incorrect password","password":"password12345","error":"crypto/bcrypt: hashedPassword is not the hash of the given password"}
{"level":"\u001b[31mERROR\u001b[0m","timestamp":"2026-04-03T15:29:10.293+0700","caller":"handler/auth_handler.go:43","msg":"incorrect password","password":"password12345","error":"crypto/bcrypt: hashedPassword is not the hash of the given password"}
{"level":"\u001b[31mERROR\u001b[0m","timestamp":"2026-04-03T15:48:41.455+0700","caller":"handler/auth_handler.go:43","msg":"incorrect password","password":"password12345","error":"crypto/bcrypt: hashedPassword is not the hash of the given password"}
=======
{"level":"\u001b[31mERROR\u001b[0m","timestamp":"2026-04-05T00:23:05.710+0700","caller":"handler/user_handler.go:48","msg":"failed to get role by id","role_id":"791cb0fa-dc65-4510-b51d-38d52c1d73c3","error":"Roles: unsupported relations for schema Role"}
{"level":"\u001b[31mERROR\u001b[0m","timestamp":"2026-04-05T00:39:38.945+0700","caller":"gin@v1.10.1/context.go:185","msg":"invalid update user request payload","error":"invalid UUID length: 0","payload":{"email":"user@example.com","password":"","name":"Ahmad Mirza","image_url":"https://example.com/profile.jpg","role_id":"00000000-0000-0000-0000-000000000000"}}
{"level":"\u001b[31mERROR\u001b[0m","timestamp":"2026-04-05T00:40:16.490+0700","caller":"gin@v1.10.1/context.go:185","msg":"invalid update user request payload","error":"Key: 'UpdateUserRequest.Password' Error:Field validation for 'Password' failed on the 'required' tag","payload":{"email":"user@example.com","password":"","name":"Ahmad Mirza","image_url":"https://example.com/profile.jpg","role_id":"58001c95-eab6-4f7a-b3ce-f627499d3ebe"}}
{"level":"\u001b[31mERROR\u001b[0m","timestamp":"2026-04-05T01:16:20.647+0700","caller":"gin@v1.10.1/context.go:185","msg":"invalid create role request payload","error":"Key: 'CreateRoleRequest.PermissionsIDs' Error:Field validation for 'PermissionsIDs' failed on the 'required' tag","payload":{"name":"admin","permissions_ids":null}}
{"level":"\u001b[31mERROR\u001b[0m","timestamp":"2026-04-05T01:16:51.452+0700","caller":"gin@v1.10.1/context.go:185","msg":"invalid create role request payload","error":"Key: 'CreateRoleRequest.PermissionsIDs' Error:Field validation for 'PermissionsIDs' failed on the 'required' tag","payload":{"name":"admin","permissions_ids":null}}
>>>>>>> 12396fb (rbac & user,vendor,role management)
{"level":"\u001b[31mERROR\u001b[0m","timestamp":"2026-04-06T07:32:14.271+0700","caller":"handler/external_product_handler.go:49","msg":"failed to create external product","error":"ERROR: insert or update on table \"external_products\" violates foreign key constraint \"fk_external_products_store_platform\" (SQLSTATE 23503)"}
{"level":"\u001b[31mERROR\u001b[0m","timestamp":"2026-04-06T08:15:05.812+0700","caller":"gin@v1.10.1/context.go:185","msg":"No files found in multipart form","error":"request Content-Type isn't multipart/form-data"}
{"level":"\u001b[31mERROR\u001b[0m","timestamp":"2026-04-07T21:24:42.509+0700","caller":"handler/user_handler.go:125","msg":"failed to get user by id","id":"d7f3e1c2-4e27-4d83-91d3-8cda0b1b68a1","error":"RolePermissions: unsupported relations for schema User"}
{"level":"\u001b[31mERROR\u001b[0m","timestamp":"2026-04-07T21:25:37.954+0700","caller":"handler/user_handler.go:125","msg":"failed to get user by id","id":"d7f3e1c2-4e27-4d83-91d3-8cda0b1b68a1","error":"RolePermissions: unsupported relations for schema User"}
{"level":"\u001b[31mERROR\u001b[0m","timestamp":"2026-04-07T21:26:22.602+0700","caller":"handler/user_handler.go:125","msg":"failed to get user by id","id":"d7f3e1c2-4e27-4d83-91d3-8cda0b1b68a1","error":"RolePermissions: unsupported relations for schema User"}
{"level":"\u001b[31mERROR\u001b[0m","timestamp":"2026-04-08T12:56:01.659+0700","caller":"handler/auth_handler.go:43","msg":"incorrect password","password":"passwrod123","error":"crypto/bcrypt: hashedPassword is not the hash of the given password"}
{"level":"\u001b[31mERROR\u001b[0m","timestamp":"2026-04-08T15:20:19.341+0700","caller":"handler/auth_handler.go:43","msg":"incorrect password","password":"secret456","error":"crypto/bcrypt: hashedPassword is not the hash of the given password"}
{"level":"\u001b[31mERROR\u001b[0m","timestamp":"2026-04-09T11:15:48.161+0700","caller":"handler/logging_handler.go:51","msg":"failed to get all logs","error":"ERROR: relation \"logs\" does not exist (SQLSTATE 42P01)"}
{"level":"\u001b[31mERROR\u001b[0m","timestamp":"2026-04-09T11:16:06.731+0700","caller":"handler/logging_handler.go:51","msg":"failed to get all logs","error":"ERROR: relation \"logs\" does not exist (SQLSTATE 42P01)"}
{"level":"\u001b[31mERROR\u001b[0m","timestamp":"2026-04-09T11:33:43.847+0700","caller":"handler/logging_handler.go:51","msg":"failed to get all logs","error":"ERROR: relation \"logs\" does not exist (SQLSTATE 42P01)"}
{"level":"\u001b[31mERROR\u001b[0m","timestamp":"2026-04-09T11:42:19.557+0700","caller":"handler/logging_handler.go:51","msg":"failed to get all logs","error":"ERROR: relation \"logs\" does not exist (SQLSTATE 42P01)"}
